<?xml version="1.0" encoding="UTF-8"?>
<testsuite xmlns:xsi="http://www.w3.org/2001/XMLSchema-instance" xsi:noNamespaceSchemaLocation="https://maven.apache.org/surefire/maven-surefire-plugin/xsd/surefire-test-report.xsd" name="com.seenow.dbbackup.BackupApplicationTests" time="7.008" tests="1" errors="0" skipped="0" failures="0">
  <properties>
    <property name="sun.desktop" value="windows"/>
    <property name="awt.toolkit" value="sun.awt.windows.WToolkit"/>
    <property name="file.encoding.pkg" value="sun.io"/>
    <property name="java.specification.version" value="1.8"/>
    <property name="sun.cpu.isalist" value="amd64"/>
    <property name="sun.jnu.encoding" value="GBK"/>
    <property name="java.class.path" value="D:\springboot-dbbackup-master\target\test-classes;D:\springboot-dbbackup-master\target\classes;C:\Program Files\apache-maven-3.6.3\repo\org\springframework\boot\spring-boot-starter-thymeleaf\2.5.1\spring-boot-starter-thymeleaf-2.5.1.jar;C:\Program Files\apache-maven-3.6.3\repo\org\springframework\boot\spring-boot-starter\2.5.1\spring-boot-starter-2.5.1.jar;C:\Program Files\apache-maven-3.6.3\repo\org\springframework\boot\spring-boot\2.5.1\spring-boot-2.5.1.jar;C:\Program Files\apache-maven-3.6.3\repo\org\springframework\boot\spring-boot-autoconfigure\2.5.1\spring-boot-autoconfigure-2.5.1.jar;C:\Program Files\apache-maven-3.6.3\repo\org\springframework\boot\spring-boot-starter-logging\2.5.1\spring-boot-starter-logging-2.5.1.jar;C:\Program Files\apache-maven-3.6.3\repo\ch\qos\logback\logback-classic\1.2.3\logback-classic-1.2.3.jar;C:\Program Files\apache-maven-3.6.3\repo\ch\qos\logback\logback-core\1.2.3\logback-core-1.2.3.jar;C:\Program Files\apache-maven-3.6.3\repo\org\apache\logging\log4j\log4j-to-slf4j\2.14.1\log4j-to-slf4j-2.14.1.jar;C:\Program Files\apache-maven-3.6.3\repo\org\apache\logging\log4j\log4j-api\2.14.1\log4j-api-2.14.1.jar;C:\Program Files\apache-maven-3.6.3\repo\org\slf4j\jul-to-slf4j\1.7.30\jul-to-slf4j-1.7.30.jar;C:\Program Files\apache-maven-3.6.3\repo\jakarta\annotation\jakarta.annotation-api\1.3.5\jakarta.annotation-api-1.3.5.jar;C:\Program Files\apache-maven-3.6.3\repo\org\yaml\snakeyaml\1.28\snakeyaml-1.28.jar;C:\Program Files\apache-maven-3.6.3\repo\org\thymeleaf\thymeleaf-spring5\3.0.12.RELEASE\thymeleaf-spring5-3.0.12.RELEASE.jar;C:\Program Files\apache-maven-3.6.3\repo\org\thymeleaf\thymeleaf\3.0.12.RELEASE\thymeleaf-3.0.12.RELEASE.jar;C:\Program Files\apache-maven-3.6.3\repo\org\attoparser\attoparser\2.0.5.RELEASE\attoparser-2.0.5.RELEASE.jar;C:\Program Files\apache-maven-3.6.3\repo\org\unbescape\unbescape\1.1.6.RELEASE\unbescape-1.1.6.RELEASE.jar;C:\Program Files\apache-maven-3.6.3\repo\org\thymeleaf\extras\thymeleaf-extras-java8time\3.0.4.RELEASE\thymeleaf-extras-java8time-3.0.4.RELEASE.jar;C:\Program Files\apache-maven-3.6.3\repo\org\springframework\boot\spring-boot-starter-web\2.5.1\spring-boot-starter-web-2.5.1.jar;C:\Program Files\apache-maven-3.6.3\repo\org\springframework\boot\spring-boot-starter-json\2.5.1\spring-boot-starter-json-2.5.1.jar;C:\Program Files\apache-maven-3.6.3\repo\com\fasterxml\jackson\core\jackson-databind\2.12.3\jackson-databind-2.12.3.jar;C:\Program Files\apache-maven-3.6.3\repo\com\fasterxml\jackson\core\jackson-core\2.12.3\jackson-core-2.12.3.jar;C:\Program Files\apache-maven-3.6.3\repo\com\fasterxml\jackson\datatype\jackson-datatype-jdk8\2.12.3\jackson-datatype-jdk8-2.12.3.jar;C:\Program Files\apache-maven-3.6.3\repo\com\fasterxml\jackson\datatype\jackson-datatype-jsr310\2.12.3\jackson-datatype-jsr310-2.12.3.jar;C:\Program Files\apache-maven-3.6.3\repo\com\fasterxml\jackson\module\jackson-module-parameter-names\2.12.3\jackson-module-parameter-names-2.12.3.jar;C:\Program Files\apache-maven-3.6.3\repo\org\springframework\boot\spring-boot-starter-tomcat\2.5.1\spring-boot-starter-tomcat-2.5.1.jar;C:\Program Files\apache-maven-3.6.3\repo\org\apache\tomcat\embed\tomcat-embed-core\9.0.46\tomcat-embed-core-9.0.46.jar;C:\Program Files\apache-maven-3.6.3\repo\org\apache\tomcat\embed\tomcat-embed-el\9.0.46\tomcat-embed-el-9.0.46.jar;C:\Program Files\apache-maven-3.6.3\repo\org\apache\tomcat\embed\tomcat-embed-websocket\9.0.46\tomcat-embed-websocket-9.0.46.jar;C:\Program Files\apache-maven-3.6.3\repo\org\springframework\spring-web\5.3.8\spring-web-5.3.8.jar;C:\Program Files\apache-maven-3.6.3\repo\org\springframework\spring-beans\5.3.8\spring-beans-5.3.8.jar;C:\Program Files\apache-maven-3.6.3\repo\org\springframework\spring-webmvc\5.3.8\spring-webmvc-5.3.8.jar;C:\Program Files\apache-maven-3.6.3\repo\org\springframework\spring-aop\5.3.8\spring-aop-5.3.8.jar;C:\Program Files\apache-maven-3.6.3\repo\org\springframework\spring-context\5.3.8\spring-context-5.3.8.jar;C:\Program Files\apache-maven-3.6.3\repo\org\springframework\spring-expression\5.3.8\spring-expression-5.3.8.jar;C:\Program Files\apache-maven-3.6.3\repo\mysql\mysql-connector-java\5.1.49\mysql-connector-java-5.1.49.jar;C:\Program Files\apache-maven-3.6.3\repo\org\projectlombok\lombok\1.18.20\lombok-1.18.20.jar;C:\Program Files\apache-maven-3.6.3\repo\tk\mybatis\mapper-spring-boot-starter\2.1.5\mapper-spring-boot-starter-2.1.5.jar;C:\Program Files\apache-maven-3.6.3\repo\org\springframework\boot\spring-boot-starter-jdbc\2.5.1\spring-boot-starter-jdbc-2.5.1.jar;C:\Program Files\apache-maven-3.6.3\repo\com\zaxxer\HikariCP\4.0.3\HikariCP-4.0.3.jar;C:\Program Files\apache-maven-3.6.3\repo\org\springframework\spring-jdbc\5.3.8\spring-jdbc-5.3.8.jar;C:\Program Files\apache-maven-3.6.3\repo\org\springframework\spring-tx\5.3.8\spring-tx-5.3.8.jar;C:\Program Files\apache-maven-3.6.3\repo\org\mybatis\mybatis\3.4.6\mybatis-3.4.6.jar;C:\Program Files\apache-maven-3.6.3\repo\org\mybatis\mybatis-spring\1.3.2\mybatis-spring-1.3.2.jar;C:\Program Files\apache-maven-3.6.3\repo\tk\mybatis\mapper-core\1.1.5\mapper-core-1.1.5.jar;C:\Program Files\apache-maven-3.6.3\repo\javax\persistence\persistence-api\1.0\persistence-api-1.0.jar;C:\Program Files\apache-maven-3.6.3\repo\tk\mybatis\mapper-base\1.1.5\mapper-base-1.1.5.jar;C:\Program Files\apache-maven-3.6.3\repo\tk\mybatis\mapper-weekend\1.1.5\mapper-weekend-1.1.5.jar;C:\Program Files\apache-maven-3.6.3\repo\tk\mybatis\mapper-spring\1.1.5\mapper-spring-1.1.5.jar;C:\Program Files\apache-maven-3.6.3\repo\tk\mybatis\mapper-extra\1.1.5\mapper-extra-1.1.5.jar;C:\Program Files\apache-maven-3.6.3\repo\tk\mybatis\mapper-spring-boot-autoconfigure\2.1.5\mapper-spring-boot-autoconfigure-2.1.5.jar;C:\Program Files\apache-maven-3.6.3\repo\io\springfox\springfox-swagger2\2.6.1\springfox-swagger2-2.6.1.jar;C:\Program Files\apache-maven-3.6.3\repo\io\swagger\swagger-annotations\1.5.10\swagger-annotations-1.5.10.jar;C:\Program Files\apache-maven-3.6.3\repo\io\swagger\swagger-models\1.5.10\swagger-models-1.5.10.jar;C:\Program Files\apache-maven-3.6.3\repo\com\fasterxml\jackson\core\jackson-annotations\2.12.3\jackson-annotations-2.12.3.jar;C:\Program Files\apache-maven-3.6.3\repo\io\springfox\springfox-spi\2.6.1\springfox-spi-2.6.1.jar;C:\Program Files\apache-maven-3.6.3\repo\io\springfox\springfox-core\2.6.1\springfox-core-2.6.1.jar;C:\Program Files\apache-maven-3.6.3\repo\io\springfox\springfox-schema\2.6.1\springfox-schema-2.6.1.jar;C:\Program Files\apache-maven-3.6.3\repo\io\springfox\springfox-swagger-common\2.6.1\springfox-swagger-common-2.6.1.jar;C:\Program Files\apache-maven-3.6.3\repo\io\springfox\springfox-spring-web\2.6.1\springfox-spring-web-2.6.1.jar;C:\Program Files\apache-maven-3.6.3\repo\com\google\guava\guava\18.0\guava-18.0.jar;C:\Program Files\apache-maven-3.6.3\repo\com\fasterxml\classmate\1.5.1\classmate-1.5.1.jar;C:\Program Files\apache-maven-3.6.3\repo\org\slf4j\slf4j-api\1.7.30\slf4j-api-1.7.30.jar;C:\Program Files\apache-maven-3.6.3\repo\org\springframework\plugin\spring-plugin-core\1.2.0.RELEASE\spring-plugin-core-1.2.0.RELEASE.jar;C:\Program Files\apache-maven-3.6.3\repo\org\springframework\plugin\spring-plugin-metadata\1.2.0.RELEASE\spring-plugin-metadata-1.2.0.RELEASE.jar;C:\Program Files\apache-maven-3.6.3\repo\org\mapstruct\mapstruct\1.0.0.Final\mapstruct-1.0.0.Final.jar;C:\Program Files\apache-maven-3.6.3\repo\org\springframework\cloud\spring-cloud-starter-openfeign\3.0.2\spring-cloud-starter-openfeign-3.0.2.jar;C:\Program Files\apache-maven-3.6.3\repo\org\springframework\cloud\spring-cloud-starter\3.0.2\spring-cloud-starter-3.0.2.jar;C:\Program Files\apache-maven-3.6.3\repo\org\springframework\cloud\spring-cloud-context\3.0.2\spring-cloud-context-3.0.2.jar;C:\Program Files\apache-maven-3.6.3\repo\org\springframework\security\spring-security-rsa\1.0.9.RELEASE\spring-security-rsa-1.0.9.RELEASE.jar;C:\Program Files\apache-maven-3.6.3\repo\org\bouncycastle\bcpkix-jdk15on\1.64\bcpkix-jdk15on-1.64.jar;C:\Program Files\apache-maven-3.6.3\repo\org\bouncycastle\bcprov-jdk15on\1.64\bcprov-jdk15on-1.64.jar;C:\Program Files\apache-maven-3.6.3\repo\org\springframework\cloud\spring-cloud-openfeign-core\3.0.2\spring-cloud-openfeign-core-3.0.2.jar;C:\Program Files\apache-maven-3.6.3\repo\org\springframework\boot\spring-boot-starter-aop\2.5.1\spring-boot-starter-aop-2.5.1.jar;C:\Program Files\apache-maven-3.6.3\repo\org\aspectj\aspectjweaver\1.9.6\aspectjweaver-1.9.6.jar;C:\Program Files\apache-maven-3.6.3\repo\io\github\openfeign\form\feign-form-spring\3.8.0\feign-form-spring-3.8.0.jar;C:\Program Files\apache-maven-3.6.3\repo\io\github\openfeign\form\feign-form\3.8.0\feign-form-3.8.0.jar;C:\Program Files\apache-maven-3.6.3\repo\commons-fileupload\commons-fileupload\1.4\commons-fileupload-1.4.jar;C:\Program Files\apache-maven-3.6.3\repo\commons-io\commons-io\2.2\commons-io-2.2.jar;C:\Program Files\apache-maven-3.6.3\repo\org\springframework\cloud\spring-cloud-commons\3.0.2\spring-cloud-commons-3.0.2.jar;C:\Program Files\apache-maven-3.6.3\repo\org\springframework\security\spring-security-crypto\5.5.0\spring-security-crypto-5.5.0.jar;C:\Program Files\apache-maven-3.6.3\repo\io\github\openfeign\feign-core\10.10.1\feign-core-10.10.1.jar;C:\Program Files\apache-maven-3.6.3\repo\io\github\openfeign\feign-slf4j\10.10.1\feign-slf4j-10.10.1.jar;C:\Program Files\apache-maven-3.6.3\repo\com\xuxueli\xxl-job-core\2.3.0\xxl-job-core-2.3.0.jar;C:\Program Files\apache-maven-3.6.3\repo\io\netty\netty-all\4.1.65.Final\netty-all-4.1.65.Final.jar;C:\Program Files\apache-maven-3.6.3\repo\com\google\code\gson\gson\2.8.7\gson-2.8.7.jar;C:\Program Files\apache-maven-3.6.3\repo\org\codehaus\groovy\groovy\3.0.8\groovy-3.0.8.jar;C:\Program Files\apache-maven-3.6.3\repo\io\springfox\springfox-swagger-ui\2.6.1\springfox-swagger-ui-2.6.1.jar;C:\Program Files\apache-maven-3.6.3\repo\com\github\pagehelper\pagehelper-spring-boot-starter\1.2.4\pagehelper-spring-boot-starter-1.2.4.jar;C:\Program Files\apache-maven-3.6.3\repo\org\mybatis\spring\boot\mybatis-spring-boot-starter\1.3.2\mybatis-spring-boot-starter-1.3.2.jar;C:\Program Files\apache-maven-3.6.3\repo\org\mybatis\spring\boot\mybatis-spring-boot-autoconfigure\1.3.2\mybatis-spring-boot-autoconfigure-1.3.2.jar;C:\Program Files\apache-maven-3.6.3\repo\com\github\pagehelper\pagehelper-spring-boot-autoconfigure\1.2.4\pagehelper-spring-boot-autoconfigure-1.2.4.jar;C:\Program Files\apache-maven-3.6.3\repo\com\github\pagehelper\pagehelper\5.1.3\pagehelper-5.1.3.jar;C:\Program Files\apache-maven-3.6.3\repo\com\github\jsqlparser\jsqlparser\1.0\jsqlparser-1.0.jar;C:\Program Files\apache-maven-3.6.3\repo\org\springframework\boot\spring-boot-starter-test\2.5.1\spring-boot-starter-test-2.5.1.jar;C:\Program Files\apache-maven-3.6.3\repo\org\springframework\boot\spring-boot-test\2.5.1\spring-boot-test-2.5.1.jar;C:\Program Files\apache-maven-3.6.3\repo\org\springframework\boot\spring-boot-test-autoconfigure\2.5.1\spring-boot-test-autoconfigure-2.5.1.jar;C:\Program Files\apache-maven-3.6.3\repo\com\jayway\jsonpath\json-path\2.5.0\json-path-2.5.0.jar;C:\Program Files\apache-maven-3.6.3\repo\net\minidev\json-smart\2.4.7\json-smart-2.4.7.jar;C:\Program Files\apache-maven-3.6.3\repo\net\minidev\accessors-smart\2.4.7\accessors-smart-2.4.7.jar;C:\Program Files\apache-maven-3.6.3\repo\org\ow2\asm\asm\9.1\asm-9.1.jar;C:\Program Files\apache-maven-3.6.3\repo\jakarta\xml\bind\jakarta.xml.bind-api\2.3.3\jakarta.xml.bind-api-2.3.3.jar;C:\Program Files\apache-maven-3.6.3\repo\jakarta\activation\jakarta.activation-api\1.2.2\jakarta.activation-api-1.2.2.jar;C:\Program Files\apache-maven-3.6.3\repo\org\assertj\assertj-core\3.19.0\assertj-core-3.19.0.jar;C:\Program Files\apache-maven-3.6.3\repo\org\hamcrest\hamcrest\2.2\hamcrest-2.2.jar;C:\Program Files\apache-maven-3.6.3\repo\org\junit\jupiter\junit-jupiter\5.7.2\junit-jupiter-5.7.2.jar;C:\Program Files\apache-maven-3.6.3\repo\org\junit\jupiter\junit-jupiter-api\5.7.2\junit-jupiter-api-5.7.2.jar;C:\Program Files\apache-maven-3.6.3\repo\org\apiguardian\apiguardian-api\1.1.0\apiguardian-api-1.1.0.jar;C:\Program Files\apache-maven-3.6.3\repo\org\opentest4j\opentest4j\1.2.0\opentest4j-1.2.0.jar;C:\Program Files\apache-maven-3.6.3\repo\org\junit\platform\junit-platform-commons\1.7.2\junit-platform-commons-1.7.2.jar;C:\Program Files\apache-maven-3.6.3\repo\org\junit\jupiter\junit-jupiter-params\5.7.2\junit-jupiter-params-5.7.2.jar;C:\Program Files\apache-maven-3.6.3\repo\org\junit\jupiter\junit-jupiter-engine\5.7.2\junit-jupiter-engine-5.7.2.jar;C:\Program Files\apache-maven-3.6.3\repo\org\junit\platform\junit-platform-engine\1.7.2\junit-platform-engine-1.7.2.jar;C:\Program Files\apache-maven-3.6.3\repo\org\mockito\mockito-core\3.9.0\mockito-core-3.9.0.jar;C:\Program Files\apache-maven-3.6.3\repo\net\bytebuddy\byte-buddy\1.10.22\byte-buddy-1.10.22.jar;C:\Program Files\apache-maven-3.6.3\repo\net\bytebuddy\byte-buddy-agent\1.10.22\byte-buddy-agent-1.10.22.jar;C:\Program Files\apache-maven-3.6.3\repo\org\objenesis\objenesis\3.2\objenesis-3.2.jar;C:\Program Files\apache-maven-3.6.3\repo\org\mockito\mockito-junit-jupiter\3.9.0\mockito-junit-jupiter-3.9.0.jar;C:\Program Files\apache-maven-3.6.3\repo\org\skyscreamer\jsonassert\1.5.0\jsonassert-1.5.0.jar;C:\Program Files\apache-maven-3.6.3\repo\com\vaadin\external\google\android-json\0.0.20131108.vaadin1\android-json-0.0.20131108.vaadin1.jar;C:\Program Files\apache-maven-3.6.3\repo\org\springframework\spring-core\5.3.8\spring-core-5.3.8.jar;C:\Program Files\apache-maven-3.6.3\repo\org\springframework\spring-jcl\5.3.8\spring-jcl-5.3.8.jar;C:\Program Files\apache-maven-3.6.3\repo\org\springframework\spring-test\5.3.8\spring-test-5.3.8.jar;C:\Program Files\apache-maven-3.6.3\repo\org\xmlunit\xmlunit-core\2.8.2\xmlunit-core-2.8.2.jar;"/>
    <property name="java.vm.vendor" value="Oracle Corporation"/>
    <property name="sun.arch.data.model" value="64"/>
    <property name="user.variant" value=""/>
    <property name="java.vendor.url" value="http://java.oracle.com/"/>
    <property name="user.timezone" value="GMT+08:00"/>
    <property name="java.vm.specification.version" value="1.8"/>
    <property name="os.name" value="Windows 7"/>
    <property name="user.country" value="CN"/>
    <property name="sun.java.launcher" value="SUN_STANDARD"/>
    <property name="sun.boot.library.path" value="C:\Program Files\Java\jdk1.8.0_181\jre\bin"/>
    <property name="sun.java.command" value="C:\Users\ADMINI~1\AppData\Local\Temp\surefire427180237854214961\surefirebooter8752563918714569409.jar C:\Users\Administrator\AppData\Local\Temp\surefire427180237854214961 2021-07-09T23-52-36_573-jvmRun1 surefire6260148319377684051tmp surefire_06574802563727394380tmp"/>
    <property name="surefire.test.class.path" value="D:\springboot-dbbackup-master\target\test-classes;D:\springboot-dbbackup-master\target\classes;C:\Program Files\apache-maven-3.6.3\repo\org\springframework\boot\spring-boot-starter-thymeleaf\2.5.1\spring-boot-starter-thymeleaf-2.5.1.jar;C:\Program Files\apache-maven-3.6.3\repo\org\springframework\boot\spring-boot-starter\2.5.1\spring-boot-starter-2.5.1.jar;C:\Program Files\apache-maven-3.6.3\repo\org\springframework\boot\spring-boot\2.5.1\spring-boot-2.5.1.jar;C:\Program Files\apache-maven-3.6.3\repo\org\springframework\boot\spring-boot-autoconfigure\2.5.1\spring-boot-autoconfigure-2.5.1.jar;C:\Program Files\apache-maven-3.6.3\repo\org\springframework\boot\spring-boot-starter-logging\2.5.1\spring-boot-starter-logging-2.5.1.jar;C:\Program Files\apache-maven-3.6.3\repo\ch\qos\logback\logback-classic\1.2.3\logback-classic-1.2.3.jar;C:\Program Files\apache-maven-3.6.3\repo\ch\qos\logback\logback-core\1.2.3\logback-core-1.2.3.jar;C:\Program Files\apache-maven-3.6.3\repo\org\apache\logging\log4j\log4j-to-slf4j\2.14.1\log4j-to-slf4j-2.14.1.jar;C:\Program Files\apache-maven-3.6.3\repo\org\apache\logging\log4j\log4j-api\2.14.1\log4j-api-2.14.1.jar;C:\Program Files\apache-maven-3.6.3\repo\org\slf4j\jul-to-slf4j\1.7.30\jul-to-slf4j-1.7.30.jar;C:\Program Files\apache-maven-3.6.3\repo\jakarta\annotation\jakarta.annotation-api\1.3.5\jakarta.annotation-api-1.3.5.jar;C:\Program Files\apache-maven-3.6.3\repo\org\yaml\snakeyaml\1.28\snakeyaml-1.28.jar;C:\Program Files\apache-maven-3.6.3\repo\org\thymeleaf\thymeleaf-spring5\3.0.12.RELEASE\thymeleaf-spring5-3.0.12.RELEASE.jar;C:\Program Files\apache-maven-3.6.3\repo\org\thymeleaf\thymeleaf\3.0.12.RELEASE\thymeleaf-3.0.12.RELEASE.jar;C:\Program Files\apache-maven-3.6.3\repo\org\attoparser\attoparser\2.0.5.RELEASE\attoparser-2.0.5.RELEASE.jar;C:\Program Files\apache-maven-3.6.3\repo\org\unbescape\unbescape\1.1.6.RELEASE\unbescape-1.1.6.RELEASE.jar;C:\Program Files\apache-maven-3.6.3\repo\org\thymeleaf\extras\thymeleaf-extras-java8time\3.0.4.RELEASE\thymeleaf-extras-java8time-3.0.4.RELEASE.jar;C:\Program Files\apache-maven-3.6.3\repo\org\springframework\boot\spring-boot-starter-web\2.5.1\spring-boot-starter-web-2.5.1.jar;C:\Program Files\apache-maven-3.6.3\repo\org\springframework\boot\spring-boot-starter-json\2.5.1\spring-boot-starter-json-2.5.1.jar;C:\Program Files\apache-maven-3.6.3\repo\com\fasterxml\jackson\core\jackson-databind\2.12.3\jackson-databind-2.12.3.jar;C:\Program Files\apache-maven-3.6.3\repo\com\fasterxml\jackson\core\jackson-core\2.12.3\jackson-core-2.12.3.jar;C:\Program Files\apache-maven-3.6.3\repo\com\fasterxml\jackson\datatype\jackson-datatype-jdk8\2.12.3\jackson-datatype-jdk8-2.12.3.jar;C:\Program Files\apache-maven-3.6.3\repo\com\fasterxml\jackson\datatype\jackson-datatype-jsr310\2.12.3\jackson-datatype-jsr310-2.12.3.jar;C:\Program Files\apache-maven-3.6.3\repo\com\fasterxml\jackson\module\jackson-module-parameter-names\2.12.3\jackson-module-parameter-names-2.12.3.jar;C:\Program Files\apache-maven-3.6.3\repo\org\springframework\boot\spring-boot-starter-tomcat\2.5.1\spring-boot-starter-tomcat-2.5.1.jar;C:\Program Files\apache-maven-3.6.3\repo\org\apache\tomcat\embed\tomcat-embed-core\9.0.46\tomcat-embed-core-9.0.46.jar;C:\Program Files\apache-maven-3.6.3\repo\org\apache\tomcat\embed\tomcat-embed-el\9.0.46\tomcat-embed-el-9.0.46.jar;C:\Program Files\apache-maven-3.6.3\repo\org\apache\tomcat\embed\tomcat-embed-websocket\9.0.46\tomcat-embed-websocket-9.0.46.jar;C:\Program Files\apache-maven-3.6.3\repo\org\springframework\spring-web\5.3.8\spring-web-5.3.8.jar;C:\Program Files\apache-maven-3.6.3\repo\org\springframework\spring-beans\5.3.8\spring-beans-5.3.8.jar;C:\Program Files\apache-maven-3.6.3\repo\org\springframework\spring-webmvc\5.3.8\spring-webmvc-5.3.8.jar;C:\Program Files\apache-maven-3.6.3\repo\org\springframework\spring-aop\5.3.8\spring-aop-5.3.8.jar;C:\Program Files\apache-maven-3.6.3\repo\org\springframework\spring-context\5.3.8\spring-context-5.3.8.jar;C:\Program Files\apache-maven-3.6.3\repo\org\springframework\spring-expression\5.3.8\spring-expression-5.3.8.jar;C:\Program Files\apache-maven-3.6.3\repo\mysql\mysql-connector-java\5.1.49\mysql-connector-java-5.1.49.jar;C:\Program Files\apache-maven-3.6.3\repo\org\projectlombok\lombok\1.18.20\lombok-1.18.20.jar;C:\Program Files\apache-maven-3.6.3\repo\tk\mybatis\mapper-spring-boot-starter\2.1.5\mapper-spring-boot-starter-2.1.5.jar;C:\Program Files\apache-maven-3.6.3\repo\org\springframework\boot\spring-boot-starter-jdbc\2.5.1\spring-boot-starter-jdbc-2.5.1.jar;C:\Program Files\apache-maven-3.6.3\repo\com\zaxxer\HikariCP\4.0.3\HikariCP-4.0.3.jar;C:\Program Files\apache-maven-3.6.3\repo\org\springframework\spring-jdbc\5.3.8\spring-jdbc-5.3.8.jar;C:\Program Files\apache-maven-3.6.3\repo\org\springframework\spring-tx\5.3.8\spring-tx-5.3.8.jar;C:\Program Files\apache-maven-3.6.3\repo\org\mybatis\mybatis\3.4.6\mybatis-3.4.6.jar;C:\Program Files\apache-maven-3.6.3\repo\org\mybatis\mybatis-spring\1.3.2\mybatis-spring-1.3.2.jar;C:\Program Files\apache-maven-3.6.3\repo\tk\mybatis\mapper-core\1.1.5\mapper-core-1.1.5.jar;C:\Program Files\apache-maven-3.6.3\repo\javax\persistence\persistence-api\1.0\persistence-api-1.0.jar;C:\Program Files\apache-maven-3.6.3\repo\tk\mybatis\mapper-base\1.1.5\mapper-base-1.1.5.jar;C:\Program Files\apache-maven-3.6.3\repo\tk\mybatis\mapper-weekend\1.1.5\mapper-weekend-1.1.5.jar;C:\Program Files\apache-maven-3.6.3\repo\tk\mybatis\mapper-spring\1.1.5\mapper-spring-1.1.5.jar;C:\Program Files\apache-maven-3.6.3\repo\tk\mybatis\mapper-extra\1.1.5\mapper-extra-1.1.5.jar;C:\Program Files\apache-maven-3.6.3\repo\tk\mybatis\mapper-spring-boot-autoconfigure\2.1.5\mapper-spring-boot-autoconfigure-2.1.5.jar;C:\Program Files\apache-maven-3.6.3\repo\io\springfox\springfox-swagger2\2.6.1\springfox-swagger2-2.6.1.jar;C:\Program Files\apache-maven-3.6.3\repo\io\swagger\swagger-annotations\1.5.10\swagger-annotations-1.5.10.jar;C:\Program Files\apache-maven-3.6.3\repo\io\swagger\swagger-models\1.5.10\swagger-models-1.5.10.jar;C:\Program Files\apache-maven-3.6.3\repo\com\fasterxml\jackson\core\jackson-annotations\2.12.3\jackson-annotations-2.12.3.jar;C:\Program Files\apache-maven-3.6.3\repo\io\springfox\springfox-spi\2.6.1\springfox-spi-2.6.1.jar;C:\Program Files\apache-maven-3.6.3\repo\io\springfox\springfox-core\2.6.1\springfox-core-2.6.1.jar;C:\Program Files\apache-maven-3.6.3\repo\io\springfox\springfox-schema\2.6.1\springfox-schema-2.6.1.jar;C:\Program Files\apache-maven-3.6.3\repo\io\springfox\springfox-swagger-common\2.6.1\springfox-swagger-common-2.6.1.jar;C:\Program Files\apache-maven-3.6.3\repo\io\springfox\springfox-spring-web\2.6.1\springfox-spring-web-2.6.1.jar;C:\Program Files\apache-maven-3.6.3\repo\com\google\guava\guava\18.0\guava-18.0.jar;C:\Program Files\apache-maven-3.6.3\repo\com\fasterxml\classmate\1.5.1\classmate-1.5.1.jar;C:\Program Files\apache-maven-3.6.3\repo\org\slf4j\slf4j-api\1.7.30\slf4j-api-1.7.30.jar;C:\Program Files\apache-maven-3.6.3\repo\org\springframework\plugin\spring-plugin-core\1.2.0.RELEASE\spring-plugin-core-1.2.0.RELEASE.jar;C:\Program Files\apache-maven-3.6.3\repo\org\springframework\plugin\spring-plugin-metadata\1.2.0.RELEASE\spring-plugin-metadata-1.2.0.RELEASE.jar;C:\Program Files\apache-maven-3.6.3\repo\org\mapstruct\mapstruct\1.0.0.Final\mapstruct-1.0.0.Final.jar;C:\Program Files\apache-maven-3.6.3\repo\org\springframework\cloud\spring-cloud-starter-openfeign\3.0.2\spring-cloud-starter-openfeign-3.0.2.jar;C:\Program Files\apache-maven-3.6.3\repo\org\springframework\cloud\spring-cloud-starter\3.0.2\spring-cloud-starter-3.0.2.jar;C:\Program Files\apache-maven-3.6.3\repo\org\springframework\cloud\spring-cloud-context\3.0.2\spring-cloud-context-3.0.2.jar;C:\Program Files\apache-maven-3.6.3\repo\org\springframework\security\spring-security-rsa\1.0.9.RELEASE\spring-security-rsa-1.0.9.RELEASE.jar;C:\Program Files\apache-maven-3.6.3\repo\org\bouncycastle\bcpkix-jdk15on\1.64\bcpkix-jdk15on-1.64.jar;C:\Program Files\apache-maven-3.6.3\repo\org\bouncycastle\bcprov-jdk15on\1.64\bcprov-jdk15on-1.64.jar;C:\Program Files\apache-maven-3.6.3\repo\org\springframework\cloud\spring-cloud-openfeign-core\3.0.2\spring-cloud-openfeign-core-3.0.2.jar;C:\Program Files\apache-maven-3.6.3\repo\org\springframework\boot\spring-boot-starter-aop\2.5.1\spring-boot-starter-aop-2.5.1.jar;C:\Program Files\apache-maven-3.6.3\repo\org\aspectj\aspectjweaver\1.9.6\aspectjweaver-1.9.6.jar;C:\Program Files\apache-maven-3.6.3\repo\io\github\openfeign\form\feign-form-spring\3.8.0\feign-form-spring-3.8.0.jar;C:\Program Files\apache-maven-3.6.3\repo\io\github\openfeign\form\feign-form\3.8.0\feign-form-3.8.0.jar;C:\Program Files\apache-maven-3.6.3\repo\commons-fileupload\commons-fileupload\1.4\commons-fileupload-1.4.jar;C:\Program Files\apache-maven-3.6.3\repo\commons-io\commons-io\2.2\commons-io-2.2.jar;C:\Program Files\apache-maven-3.6.3\repo\org\springframework\cloud\spring-cloud-commons\3.0.2\spring-cloud-commons-3.0.2.jar;C:\Program Files\apache-maven-3.6.3\repo\org\springframework\security\spring-security-crypto\5.5.0\spring-security-crypto-5.5.0.jar;C:\Program Files\apache-maven-3.6.3\repo\io\github\openfeign\feign-core\10.10.1\feign-core-10.10.1.jar;C:\Program Files\apache-maven-3.6.3\repo\io\github\openfeign\feign-slf4j\10.10.1\feign-slf4j-10.10.1.jar;C:\Program Files\apache-maven-3.6.3\repo\com\xuxueli\xxl-job-core\2.3.0\xxl-job-core-2.3.0.jar;C:\Program Files\apache-maven-3.6.3\repo\io\netty\netty-all\4.1.65.Final\netty-all-4.1.65.Final.jar;C:\Program Files\apache-maven-3.6.3\repo\com\google\code\gson\gson\2.8.7\gson-2.8.7.jar;C:\Program Files\apache-maven-3.6.3\repo\org\codehaus\groovy\groovy\3.0.8\groovy-3.0.8.jar;C:\Program Files\apache-maven-3.6.3\repo\io\springfox\springfox-swagger-ui\2.6.1\springfox-swagger-ui-2.6.1.jar;C:\Program Files\apache-maven-3.6.3\repo\com\github\pagehelper\pagehelper-spring-boot-starter\1.2.4\pagehelper-spring-boot-starter-1.2.4.jar;C:\Program Files\apache-maven-3.6.3\repo\org\mybatis\spring\boot\mybatis-spring-boot-starter\1.3.2\mybatis-spring-boot-starter-1.3.2.jar;C:\Program Files\apache-maven-3.6.3\repo\org\mybatis\spring\boot\mybatis-spring-boot-autoconfigure\1.3.2\mybatis-spring-boot-autoconfigure-1.3.2.jar;C:\Program Files\apache-maven-3.6.3\repo\com\github\pagehelper\pagehelper-spring-boot-autoconfigure\1.2.4\pagehelper-spring-boot-autoconfigure-1.2.4.jar;C:\Program Files\apache-maven-3.6.3\repo\com\github\pagehelper\pagehelper\5.1.3\pagehelper-5.1.3.jar;C:\Program Files\apache-maven-3.6.3\repo\com\github\jsqlparser\jsqlparser\1.0\jsqlparser-1.0.jar;C:\Program Files\apache-maven-3.6.3\repo\org\springframework\boot\spring-boot-starter-test\2.5.1\spring-boot-starter-test-2.5.1.jar;C:\Program Files\apache-maven-3.6.3\repo\org\springframework\boot\spring-boot-test\2.5.1\spring-boot-test-2.5.1.jar;C:\Program Files\apache-maven-3.6.3\repo\org\springframework\boot\spring-boot-test-autoconfigure\2.5.1\spring-boot-test-autoconfigure-2.5.1.jar;C:\Program Files\apache-maven-3.6.3\repo\com\jayway\jsonpath\json-path\2.5.0\json-path-2.5.0.jar;C:\Program Files\apache-maven-3.6.3\repo\net\minidev\json-smart\2.4.7\json-smart-2.4.7.jar;C:\Program Files\apache-maven-3.6.3\repo\net\minidev\accessors-smart\2.4.7\accessors-smart-2.4.7.jar;C:\Program Files\apache-maven-3.6.3\repo\org\ow2\asm\asm\9.1\asm-9.1.jar;C:\Program Files\apache-maven-3.6.3\repo\jakarta\xml\bind\jakarta.xml.bind-api\2.3.3\jakarta.xml.bind-api-2.3.3.jar;C:\Program Files\apache-maven-3.6.3\repo\jakarta\activation\jakarta.activation-api\1.2.2\jakarta.activation-api-1.2.2.jar;C:\Program Files\apache-maven-3.6.3\repo\org\assertj\assertj-core\3.19.0\assertj-core-3.19.0.jar;C:\Program Files\apache-maven-3.6.3\repo\org\hamcrest\hamcrest\2.2\hamcrest-2.2.jar;C:\Program Files\apache-maven-3.6.3\repo\org\junit\jupiter\junit-jupiter\5.7.2\junit-jupiter-5.7.2.jar;C:\Program Files\apache-maven-3.6.3\repo\org\junit\jupiter\junit-jupiter-api\5.7.2\junit-jupiter-api-5.7.2.jar;C:\Program Files\apache-maven-3.6.3\repo\org\apiguardian\apiguardian-api\1.1.0\apiguardian-api-1.1.0.jar;C:\Program Files\apache-maven-3.6.3\repo\org\opentest4j\opentest4j\1.2.0\opentest4j-1.2.0.jar;C:\Program Files\apache-maven-3.6.3\repo\org\junit\platform\junit-platform-commons\1.7.2\junit-platform-commons-1.7.2.jar;C:\Program Files\apache-maven-3.6.3\repo\org\junit\jupiter\junit-jupiter-params\5.7.2\junit-jupiter-params-5.7.2.jar;C:\Program Files\apache-maven-3.6.3\repo\org\junit\jupiter\junit-jupiter-engine\5.7.2\junit-jupiter-engine-5.7.2.jar;C:\Program Files\apache-maven-3.6.3\repo\org\junit\platform\junit-platform-engine\1.7.2\junit-platform-engine-1.7.2.jar;C:\Program Files\apache-maven-3.6.3\repo\org\mockito\mockito-core\3.9.0\mockito-core-3.9.0.jar;C:\Program Files\apache-maven-3.6.3\repo\net\bytebuddy\byte-buddy\1.10.22\byte-buddy-1.10.22.jar;C:\Program Files\apache-maven-3.6.3\repo\net\bytebuddy\byte-buddy-agent\1.10.22\byte-buddy-agent-1.10.22.jar;C:\Program Files\apache-maven-3.6.3\repo\org\objenesis\objenesis\3.2\objenesis-3.2.jar;C:\Program Files\apache-maven-3.6.3\repo\org\mockito\mockito-junit-jupiter\3.9.0\mockito-junit-jupiter-3.9.0.jar;C:\Program Files\apache-maven-3.6.3\repo\org\skyscreamer\jsonassert\1.5.0\jsonassert-1.5.0.jar;C:\Program Files\apache-maven-3.6.3\repo\com\vaadin\external\google\android-json\0.0.20131108.vaadin1\android-json-0.0.20131108.vaadin1.jar;C:\Program Files\apache-maven-3.6.3\repo\org\springframework\spring-core\5.3.8\spring-core-5.3.8.jar;C:\Program Files\apache-maven-3.6.3\repo\org\springframework\spring-jcl\5.3.8\spring-jcl-5.3.8.jar;C:\Program Files\apache-maven-3.6.3\repo\org\springframework\spring-test\5.3.8\spring-test-5.3.8.jar;C:\Program Files\apache-maven-3.6.3\repo\org\xmlunit\xmlunit-core\2.8.2\xmlunit-core-2.8.2.jar;"/>
    <property name="sun.cpu.endian" value="little"/>
    <property name="user.home" value="C:\Users\Administrator"/>
    <property name="user.language" value="zh"/>
    <property name="java.specification.vendor" value="Oracle Corporation"/>
    <property name="java.home" value="C:\Program Files\Java\jdk1.8.0_181\jre"/>
    <property name="basedir" value="D:\springboot-dbbackup-master"/>
    <property name="file.separator" value="\"/>
    <property name="line.separator" value="&#10;"/>
    <property name="java.vm.specification.vendor" value="Oracle Corporation"/>
    <property name="java.specification.name" value="Java Platform API Specification"/>
    <property name="java.awt.graphicsenv" value="sun.awt.Win32GraphicsEnvironment"/>
    <property name="surefire.real.class.path" value="C:\Users\ADMINI~1\AppData\Local\Temp\surefire427180237854214961\surefirebooter8752563918714569409.jar"/>
    <property name="sun.boot.class.path" value="C:\Program Files\Java\jdk1.8.0_181\jre\lib\resources.jar;C:\Program Files\Java\jdk1.8.0_181\jre\lib\rt.jar;C:\Program Files\Java\jdk1.8.0_181\jre\lib\sunrsasign.jar;C:\Program Files\Java\jdk1.8.0_181\jre\lib\jsse.jar;C:\Program Files\Java\jdk1.8.0_181\jre\lib\jce.jar;C:\Program Files\Java\jdk1.8.0_181\jre\lib\charsets.jar;C:\Program Files\Java\jdk1.8.0_181\jre\lib\jfr.jar;C:\Program Files\Java\jdk1.8.0_181\jre\classes"/>
    <property name="user.script" value=""/>
    <property name="sun.management.compiler" value="HotSpot 64-Bit Tiered Compilers"/>
    <property name="java.runtime.version" value="1.8.0_181-b13"/>
    <property name="user.name" value="Administrator"/>
    <property name="path.separator" value=";"/>
    <property name="os.version" value="6.1"/>
    <property name="java.endorsed.dirs" value="C:\Program Files\Java\jdk1.8.0_181\jre\lib\endorsed"/>
    <property name="java.runtime.name" value="Java(TM) SE Runtime Environment"/>
    <property name="file.encoding" value="GBK"/>
    <property name="java.vm.name" value="Java HotSpot(TM) 64-Bit Server VM"/>
    <property name="localRepository" value="C:\Program Files\apache-maven-3.6.3\repo"/>
    <property name="java.vendor.url.bug" value="http://bugreport.sun.com/bugreport/"/>
    <property name="java.io.tmpdir" value="C:\Users\ADMINI~1\AppData\Local\Temp\"/>
    <property name="java.version" value="1.8.0_181"/>
    <property name="user.dir" value="D:\springboot-dbbackup-master"/>
    <property name="os.arch" value="amd64"/>
    <property name="java.vm.specification.name" value="Java Virtual Machine Specification"/>
    <property name="java.awt.printerjob" value="sun.awt.windows.WPrinterJob"/>
    <property name="sun.os.patch.level" value="Service Pack 1"/>
    <property name="idea.version2019.3.3" value="true"/>
    <property name="java.library.path" value="C:\Program Files\Java\jdk1.8.0_181\jre\bin;C:\Windows\Sun\Java\bin;C:\Windows\system32;C:\Windows;C:\Program Files (x86)\Common Files\Oracle\Java\javapath;C:\Windows\system32;C:\Windows;C:\Windows\System32\Wbem;d:\Program Files\Git\cmd;C:\Windows\System32\WindowsPowerShell\v1.0\;C:\Program Files\Microsoft Network Monitor 3\;C:\Program Files\Java\jdk1.8.0_181\bin;C:\Program Files\Java\jdk1.8.0_181\jre\bin;C:\Program Files\apache-maven-3.6.3\bin;C:\Program Files\apache-maven-3.6.3\bin;D:\Program Files\nodejs\;D:\Program Files (x86)\python3\Scripts\;D:\Program Files (x86)\python3\;C:\Program Files\JetBrains\IntelliJ IDEA 2020.2\bin;;C:\Users\Administrator\AppData\Roaming\npm;."/>
    <property name="java.vm.info" value="mixed mode"/>
    <property name="java.vendor" value="Oracle Corporation"/>
    <property name="java.vm.version" value="25.181-b13"/>
    <property name="java.ext.dirs" value="C:\Program Files\Java\jdk1.8.0_181\jre\lib\ext;C:\Windows\Sun\Java\lib\ext"/>
    <property name="sun.io.unicode.encoding" value="UnicodeLittle"/>
    <property name="maven.repo.local" value="C:\Program Files\apache-maven-3.6.3\repo"/>
    <property name="java.class.version" value="52.0"/>
  </properties>
  <testcase name="contextLoads" classname="com.seenow.dbbackup.BackupApplicationTests" time="0.406"/>
</testsuite>